<?xml version="1.0" encoding="UTF-8"?>
<!-- Generated by org.testng.reporters.JUnitReportReporter -->
<testsuite hostname="Dineshkumar" failures="0" tests="2" name="com.testng.TestNg_CrossBrowser" time="0.004" errors="0" timestamp="2023-11-28T12:07:43 IST" skipped="0">
  <testcase classname="com.testng.TestNg_CrossBrowser" name="loginMethod" time="0.001"/>
  <testcase classname="com.testng.TestNg_CrossBrowser" name="loginMethod" time="0.003"/>
</testsuite> <!-- com.testng.TestNg_CrossBrowser -->
