<?xml version="1.0" encoding="UTF-8"?>
<!-- Generated by org.testng.reporters.JUnitReportReporter -->
<testsuite hostname="Dineshkumar" failures="0" tests="3" name="com.testng.TestNg_Ignore" time="0.010" errors="0" timestamp="2023-11-24T11:28:57 IST" skipped="2">
  <testcase classname="com.testng.TestNg_Ignore" name="twitterUrl" time="0.010"/>
  <testcase classname="com.testng.TestNg_Ignore" name="amazonUrl">
    <skipped/>
  </testcase> <!-- amazonUrl -->
  <testcase classname="com.testng.TestNg_Ignore" name="flipkartUrl">
    <skipped/>
  </testcase> <!-- flipkartUrl -->
</testsuite> <!-- com.testng.TestNg_Ignore -->
