<?xml version="1.0" encoding="UTF-8"?>
<!-- Generated by org.testng.reporters.JUnitReportReporter -->
<testsuite hostname="Dineshkumar" failures="0" tests="2" name="com.testng.TestNG_Parameter" time="0.023" errors="0" timestamp="2023-11-28T09:54:30 IST" skipped="0">
  <testcase classname="com.testng.TestNG_Parameter" name="username" time="0.003"/>
  <testcase classname="com.testng.TestNG_Parameter" name="password" time="0.020"/>
</testsuite> <!-- com.testng.TestNG_Parameter -->
