<?xml version="1.0" encoding="UTF-8"?>
<!-- Generated by org.testng.reporters.JUnitReportReporter -->
<testsuite hostname="Dineshkumar" failures="0" tests="4" name="com.testng.TestNG_Priority" time="0.013" errors="0" timestamp="2023-11-24T11:21:34 IST" skipped="0">
  <testcase classname="com.testng.TestNG_Priority" name="closeBrowser" time="0.008"/>
  <testcase classname="com.testng.TestNG_Priority" name="searchMobile" time="0.002"/>
  <testcase classname="com.testng.TestNG_Priority" name="login" time="0.002"/>
  <testcase classname="com.testng.TestNG_Priority" name="logout" time="0.001"/>
</testsuite> <!-- com.testng.TestNG_Priority -->
