<?xml version="1.0" encoding="UTF-8"?>
<!-- Generated by org.testng.reporters.JUnitReportReporter -->
<testsuite hostname="Dineshkumar" failures="0" tests="2" name="com.testng.TestNG_Para" time="2.527" errors="0" timestamp="2023-11-26T21:34:09 IST" skipped="0">
  <testcase classname="com.testng.TestNG_Para" name="nordMobile" time="1.522"/>
  <testcase classname="com.testng.TestNG_Para" name="vivoMobile" time="1.005"/>
</testsuite> <!-- com.testng.TestNG_Para -->
