<?xml version="1.0" encoding="UTF-8"?>
<!-- Generated by org.testng.reporters.JUnitReportReporter -->
<testsuite hostname="Dineshkumar" failures="0" tests="4" name="com.testng.TestNG_Invocation" time="0.014" errors="0" timestamp="2023-11-24T11:55:37 IST" skipped="0">
  <testcase classname="com.testng.TestNG_Invocation" name="laptop" time="0.002"/>
  <testcase classname="com.testng.TestNG_Invocation" name="mobile" time="0.002"/>
  <testcase classname="com.testng.TestNG_Invocation" name="laptop" time="0.009"/>
  <testcase classname="com.testng.TestNG_Invocation" name="product" time="0.001"/>
</testsuite> <!-- com.testng.TestNG_Invocation -->
