<?xml version="1.0" encoding="UTF-8"?>
<!-- Generated by org.testng.reporters.JUnitReportReporter -->
<testsuite hostname="Dineshkumar" failures="0" tests="3" name="com.testng.TesNG_TimeOut" time="1.047" errors="1" timestamp="2023-11-25T11:46:15 IST" skipped="1">
  <testcase classname="com.testng.TesNG_TimeOut" name="aMethod" time="1.041">
    <error message="Method com.testng.TesNG_TimeOut.aMethod() didn&#039;t finish within the time-out 1000" type="org.testng.internal.thread.ThreadTimeoutException">
      <![CDATA[org.testng.internal.thread.ThreadTimeoutException: Method com.testng.TesNG_TimeOut.aMethod() didn't finish within the time-out 1000
at java.base@11.0.19/java.lang.Thread.sleep(Native Method)
at app//com.testng.TesNG_TimeOut.aMethod(TesNG_TimeOut.java:10)
at java.base@11.0.19/jdk.internal.reflect.NativeMethodAccessorImpl.invoke0(Native Method)
at java.base@11.0.19/jdk.internal.reflect.NativeMethodAccessorImpl.invoke(NativeMethodAccessorImpl.java:62)
at java.base@11.0.19/jdk.internal.reflect.DelegatingMethodAccessorImpl.invoke(DelegatingMethodAccessorImpl.java:43)
at java.base@11.0.19/java.lang.reflect.Method.invoke(Method.java:566)
at app//org.testng.internal.invokers.MethodInvocationHelper.invokeMethod(MethodInvocationHelper.java:139)
at app//org.testng.internal.invokers.InvokeMethodRunnable.runOne(InvokeMethodRunnable.java:47)
at app//org.testng.internal.invokers.InvokeMethodRunnable.call(InvokeMethodRunnable.java:76)
at app//org.testng.internal.invokers.InvokeMethodRunnable.call(InvokeMethodRunnable.java:11)
at java.base@11.0.19/java.util.concurrent.FutureTask.run(FutureTask.java:264)
at java.base@11.0.19/java.util.concurrent.ThreadPoolExecutor.runWorker(ThreadPoolExecutor.java:1128)
at java.base@11.0.19/java.util.concurrent.ThreadPoolExecutor$Worker.run(ThreadPoolExecutor.java:628)
at java.base@11.0.19/java.lang.Thread.run(Thread.java:834)
]]>
    </error>
  </testcase> <!-- aMethod -->
  <testcase classname="com.testng.TesNG_TimeOut" name="bMethod" time="0.006"/>
  <testcase classname="com.testng.TesNG_TimeOut" name="cMethod" time="0.000">
    <skipped/>
  </testcase> <!-- cMethod -->
</testsuite> <!-- com.testng.TesNG_TimeOut -->
