<?xml version="1.0" encoding="UTF-8"?>
<!-- Generated by org.testng.reporters.JUnitReportReporter -->
<testsuite hostname="Dineshkumar" failures="0" tests="2" name="com.testng.TestNG_Exception" time="0.011" errors="0" timestamp="2023-11-25T12:08:25 IST" skipped="0">
  <testcase classname="com.testng.TestNG_Exception" name="aMethod" time="0.009"/>
  <testcase classname="com.testng.TestNG_Exception" name="bMethod" time="0.002"/>
</testsuite> <!-- com.testng.TestNG_Exception -->
