<?xml version="1.0" encoding="UTF-8"?>
<!-- Generated by org.testng.reporters.JUnitReportReporter -->
<testsuite hostname="Dineshkumar" failures="0" tests="2" name="com.testng.Amazon" time="0.004" errors="0" timestamp="2023-11-21T12:10:25 IST" skipped="0">
  <testcase classname="com.testng.Amazon" name="searchLaptop" time="0.003"/>
  <testcase classname="com.testng.Amazon" name="searchMobiles" time="0.001"/>
</testsuite> <!-- com.testng.Amazon -->
