<?xml version="1.0" encoding="UTF-8"?>
<!-- Generated by org.testng.reporters.JUnitReportReporter -->
<testsuite hostname="Dineshkumar" failures="0" tests="2" name="com.testng.TestNg_DataProvider" time="0.009" errors="0" timestamp="2023-11-28T11:33:26 IST" skipped="0">
  <testcase classname="com.testng.TestNg_DataProvider" name="loginMethod" time="0.002"/>
  <testcase classname="com.testng.TestNg_DataProvider" name="loginMethod" time="0.007"/>
</testsuite> <!-- com.testng.TestNg_DataProvider -->
