<?xml version="1.0" encoding="UTF-8"?>
<!-- Generated by org.testng.reporters.JUnitReportReporter -->
<testsuite hostname="Dineshkumar" failures="0" tests="2" name="com.testng.TestNG_Parallel" time="2.015" errors="0" timestamp="2023-11-28T12:05:09 IST" skipped="0">
  <testcase classname="com.testng.TestNG_Parallel" name="login" time="1.010"/>
  <testcase classname="com.testng.TestNG_Parallel" name="searchMobile" time="1.005"/>
</testsuite> <!-- com.testng.TestNG_Parallel -->
